# JRE version: OpenJDK Runtime Environment Temurin-17.0.9+9 (17.0.9+9) (build 17.0.9+9)
# Java VM: OpenJDK 64-Bit Server VM Temurin-17.0.9+9 (17.0.9+9, mixed mode, emulated-client, tiered, compressed oops, compressed class ptrs, g1 gc, windows-amd64)
GC Precious Log:
 CPUs: 8 total, 8 available
 Memory: 7975M
 Large Page Support: Disabled
 NUMA Support: Disabled
 Compressed Oops: Enabled (32-bit)
 Heap Region Size: 1M
 Heap Min Capacity: 8M
 Heap Initial Capacity: 126M
 Heap Max Capacity: 1994M
 Pre-touch: Disabled
 Parallel Workers: 8
 Concurrent Workers: 2
 Concurrent Refinement Workers: 8
 Periodic GC: Disabled
Heap:
 garbage-first heap   total 55296K, used 43152K [0x0000000083600000, 0x0000000100000000)
  region size 1024K, 17 young (17408K), 2 survivors (2048K)
 Metaspace       used 70478K, committed 71040K, reserved 1114112K
  class space    used 9577K, committed 9856K, reserved 1048576K
GC Heap History (20 events):
Event: 7.346 GC heap before
{Heap before GC invocations=12 (full 0):
 garbage-first heap   total 46080K, used 34145K [0x0000000083600000, 0x0000000100000000)
  region size 1024K, 17 young (17408K), 2 survivors (2048K)
 Metaspace       used 41730K, committed 42176K, reserved 1114112K
  class space    used 5391K, committed 5568K, reserved 1048576K
}
Event: 7.352 GC heap after
{Heap after GC invocations=13 (full 0):
 garbage-first heap   total 46080K, used 19350K [0x0000000083600000, 0x0000000100000000)
  region size 1024K, 2 young (2048K), 2 survivors (2048K)
 Metaspace       used 41730K, committed 42176K, reserved 1114112K
  class space    used 5391K, committed 5568K, reserved 1048576K
}
Event: 7.942 GC heap before
{Heap before GC invocations=13 (full 0):
 garbage-first heap   total 46080K, used 35734K [0x0000000083600000, 0x0000000100000000)
  region size 1024K, 18 young (18432K), 2 survivors (2048K)
 Metaspace       used 46382K, committed 46912K, reserved 1114112K
  class space    used 6014K, committed 6272K, reserved 1048576K
}
Event: 7.948 GC heap after
{Heap after GC invocations=14 (full 0):
 garbage-first heap   total 46080K, used 20967K [0x0000000083600000, 0x0000000100000000)
  region size 1024K, 3 young (3072K), 3 survivors (3072K)
 Metaspace       used 46382K, committed 46912K, reserved 1114112K
  class space    used 6014K, committed 6272K, reserved 1048576K
}
Event: 8.534 GC heap before
{Heap before GC invocations=14 (full 0):
 garbage-first heap   total 46080K, used 34279K [0x0000000083600000, 0x0000000100000000)
  region size 1024K, 17 young (17408K), 3 survivors (3072K)
 Metaspace       used 52317K, committed 52800K, reserved 1114112K
  class space    used 6790K, committed 7040K, reserved 1048576K
}
Event: 8.539 GC heap after
{Heap after GC invocations=15 (full 0):
 garbage-first heap   total 55296K, used 22130K [0x0000000083600000, 0x0000000100000000)
  region size 1024K, 3 young (3072K), 3 survivors (3072K)
 Metaspace       used 52317K, committed 52800K, reserved 1114112K
  class space    used 6790K, committed 7040K, reserved 1048576K
}
Event: 9.093 GC heap before
{Heap before GC invocations=15 (full 0):
 garbage-first heap   total 55296K, used 40562K [0x0000000083600000, 0x0000000100000000)
  region size 1024K, 22 young (22528K), 3 survivors (3072K)
 Metaspace       used 57184K, committed 57664K, reserved 1114112K
  class space    used 7387K, committed 7616K, reserved 1048576K
}
Event: 9.097 GC heap after
{Heap after GC invocations=16 (full 0):
 garbage-first heap   total 55296K, used 23420K [0x0000000083600000, 0x0000000100000000)
  region size 1024K, 3 young (3072K), 3 survivors (3072K)
 Metaspace       used 57184K, committed 57664K, reserved 1114112K
  class space    used 7387K, committed 7616K, reserved 1048576K
}
Event: 9.364 GC heap before
{Heap before GC invocations=16 (full 0):
 garbage-first heap   total 55296K, used 30588K [0x0000000083600000, 0x0000000100000000)
  region size 1024K, 12 young (12288K), 3 survivors (3072K)
 Metaspace       used 60039K, committed 60480K, reserved 1114112K
  class space    used 7965K, committed 8192K, reserved 1048576K
}
Event: 9.367 GC heap after
{Heap after GC invocations=17 (full 0):
 garbage-first heap   total 55296K, used 23709K [0x0000000083600000, 0x0000000100000000)
  region size 1024K, 2 young (2048K), 2 survivors (2048K)
 Metaspace       used 60039K, committed 60480K, reserved 1114112K
  class space    used 7965K, committed 8192K, reserved 1048576K
}
Event: 9.929 GC heap before
{Heap before GC invocations=18 (full 0):
 garbage-first heap   total 55296K, used 43165K [0x0000000083600000, 0x0000000100000000)
  region size 1024K, 21 young (21504K), 2 survivors (2048K)
 Metaspace       used 64322K, committed 64896K, reserved 1114112K
  class space    used 8725K, committed 9024K, reserved 1048576K
}
Event: 9.931 GC heap after
{Heap after GC invocations=19 (full 0):
 garbage-first heap   total 55296K, used 24469K [0x0000000083600000, 0x0000000100000000)
  region size 1024K, 3 young (3072K), 3 survivors (3072K)
 Metaspace       used 64322K, committed 64896K, reserved 1114112K
  class space    used 8725K, committed 9024K, reserved 1048576K
}
Event: 10.365 GC heap before
{Heap before GC invocations=19 (full 0):
 garbage-first heap   total 55296K, used 43925K [0x0000000083600000, 0x0000000100000000)
  region size 1024K, 22 young (22528K), 3 survivors (3072K)
 Metaspace       used 67264K, committed 67776K, reserved 1114112K
  class space    used 9104K, committed 9344K, reserved 1048576K
}
Event: 10.368 GC heap after
{Heap after GC invocations=20 (full 0):
 garbage-first heap   total 55296K, used 26073K [0x0000000083600000, 0x0000000100000000)
  region size 1024K, 3 young (3072K), 3 survivors (3072K)
 Metaspace       used 67264K, committed 67776K, reserved 1114112K
  class space    used 9104K, committed 9344K, reserved 1048576K
}
Event: 10.712 GC heap before
{Heap before GC invocations=20 (full 0):
 garbage-first heap   total 55296K, used 42457K [0x0000000083600000, 0x0000000100000000)
  region size 1024K, 20 young (20480K), 3 survivors (3072K)
 Metaspace       used 68610K, committed 69120K, reserved 1114112K
  class space    used 9296K, committed 9536K, reserved 1048576K
}
Event: 10.717 GC heap after
{Heap after GC invocations=21 (full 0):
 garbage-first heap   total 55296K, used 27415K [0x0000000083600000, 0x0000000100000000)
  region size 1024K, 3 young (3072K), 3 survivors (3072K)
 Metaspace       used 68610K, committed 69120K, reserved 1114112K
  class space    used 9296K, committed 9536K, reserved 1048576K
}
Event: 11.383 GC heap before
{Heap before GC invocations=21 (full 0):
 garbage-first heap   total 55296K, used 43799K [0x0000000083600000, 0x0000000100000000)
  region size 1024K, 19 young (19456K), 3 survivors (3072K)
 Metaspace       used 70421K, committed 71040K, reserved 1114112K
  class space    used 9565K, committed 9856K, reserved 1048576K
}
Event: 11.390 GC heap after
{Heap after GC invocations=22 (full 0):
 garbage-first heap   total 55296K, used 28846K [0x0000000083600000, 0x0000000100000000)
  region size 1024K, 3 young (3072K), 3 survivors (3072K)
 Metaspace       used 70421K, committed 71040K, reserved 1114112K
  class space    used 9565K, committed 9856K, reserved 1048576K
}
Event: 698.960 GC heap before
{Heap before GC invocations=23 (full 0):
 garbage-first heap   total 55296K, used 44206K [0x0000000083600000, 0x0000000100000000)
  region size 1024K, 18 young (18432K), 3 survivors (3072K)
 Metaspace       used 70457K, committed 71040K, reserved 1114112K
  class space    used 9574K, committed 9856K, reserved 1048576K
}
Event: 699.111 GC heap after
{Heap after GC invocations=24 (full 0):
 garbage-first heap   total 55296K, used 28816K [0x0000000083600000, 0x0000000100000000)
  region size 1024K, 2 young (2048K), 2 survivors (2048K)
 Metaspace       used 70457K, committed 71040K, reserved 1114112K
  class space    used 9574K, committed 9856K, reserved 1048576K
}

